Build started 12.11.2015 9:58:29.
     1>Project "c:\Users\admin\documents\visual studio 2010\Projects\code_crypter\code_crypter\code_crypter.vcxproj" on node 2 (build target(s)).
     1>InitializeBuildStatus:
         Creating "Release\code_crypter.unsuccessfulbuild" because "AlwaysCreate" was specified.
       ClCompile:
         c:\Program Files (x86)\Microsoft Visual Studio 10.0\VC\bin\CL.exe /c /Zi /nologo /W3 /WX- /O2 /Oi /Oy- /GL /D _MBCS /Gm- /EHsc /MD /GS /Gy /fp:precise /Zc:wchar_t /Zc:forScope /Fo"Release\\" /Fd"Release\vc100.pdb" /Gd /TP /analyze- /errorReport:prompt Main.cpp
         Main.cpp
     1>Main.cpp(17): warning C4996: 'fopen': This function or variable may be unsafe. Consider using fopen_s instead. To disable deprecation, use _CRT_SECURE_NO_WARNINGS. See online help for details.
                 c:\Program Files (x86)\Microsoft Visual Studio 10.0\VC\include\stdio.h(234) : see declaration of 'fopen'
     1>Main.cpp(20): warning C4018: '<' : signed/unsigned mismatch
       Link:
         c:\Program Files (x86)\Microsoft Visual Studio 10.0\VC\bin\link.exe /ERRORREPORT:PROMPT /OUT:"c:\users\admin\documents\visual studio 2010\Projects\code_crypter\Release\code_crypter.exe" /NOLOGO kernel32.lib user32.lib gdi32.lib winspool.lib comdlg32.lib advapi32.lib shell32.lib ole32.lib oleaut32.lib uuid.lib odbc32.lib odbccp32.lib /MANIFEST /ManifestFile:"Release\code_crypter.exe.intermediate.manifest" /MANIFESTUAC:"level='asInvoker' uiAccess='false'" /DEBUG /PDB:"c:\users\admin\documents\visual studio 2010\Projects\code_crypter\Release\code_crypter.pdb" /OPT:REF /OPT:ICF /LTCG /TLBID:1 /DYNAMICBASE /NXCOMPAT /IMPLIB:"c:\users\admin\documents\visual studio 2010\Projects\code_crypter\Release\code_crypter.lib" /MACHINE:X86 Release\Main.obj
         Generating code
         Finished generating code
         code_crypter.vcxproj -> c:\users\admin\documents\visual studio 2010\Projects\code_crypter\Release\code_crypter.exe
       Manifest:
         C:\Program Files (x86)\Microsoft SDKs\Windows\v7.0A\bin\mt.exe /nologo /verbose /outputresource:"c:\users\admin\documents\visual studio 2010\Projects\code_crypter\Release\code_crypter.exe;#1" /manifest Release\code_crypter.exe.intermediate.manifest
       FinalizeBuildStatus:
         Deleting file "Release\code_crypter.unsuccessfulbuild".
         Touching "Release\code_crypter.lastbuildstate".
     1>Done Building Project "c:\Users\admin\documents\visual studio 2010\Projects\code_crypter\code_crypter\code_crypter.vcxproj" (build target(s)).

Build succeeded.

Time Elapsed 00:00:01.09
